k:\cppbattleshipsartefact\cppbattleshipsartefact\x64\debug\vc142.pdb
k:\cppbattleshipsartefact\cppbattleshipsartefact\x64\debug\vc142.idb
k:\cppbattleshipsartefact\cppbattleshipsartefact\x64\debug\vector2.obj
k:\cppbattleshipsartefact\cppbattleshipsartefact\x64\debug\tile.obj
k:\cppbattleshipsartefact\cppbattleshipsartefact\x64\debug\ship.obj
k:\cppbattleshipsartefact\cppbattleshipsartefact\x64\debug\output.obj
k:\cppbattleshipsartefact\cppbattleshipsartefact\x64\debug\menu.obj
k:\cppbattleshipsartefact\cppbattleshipsartefact\x64\debug\map.obj
k:\cppbattleshipsartefact\cppbattleshipsartefact\x64\debug\input.obj
k:\cppbattleshipsartefact\cppbattleshipsartefact\x64\debug\grid.obj
k:\cppbattleshipsartefact\cppbattleshipsartefact\x64\debug\game.obj
k:\cppbattleshipsartefact\cppbattleshipsartefact\x64\debug\cppbattleshipsartefact.obj
k:\cppbattleshipsartefact\x64\debug\cppbattleshipsartefact.exe
k:\cppbattleshipsartefact\x64\debug\cppbattleshipsartefact.ilk
k:\cppbattleshipsartefact\x64\debug\cppbattleshipsartefact.pdb
k:\cppbattleshipsartefact\cppbattleshipsartefact\x64\debug\cppbattl.311ccaed.tlog\cl.command.1.tlog
k:\cppbattleshipsartefact\cppbattleshipsartefact\x64\debug\cppbattl.311ccaed.tlog\cl.read.1.tlog
k:\cppbattleshipsartefact\cppbattleshipsartefact\x64\debug\cppbattl.311ccaed.tlog\cl.write.1.tlog
k:\cppbattleshipsartefact\cppbattleshipsartefact\x64\debug\cppbattl.311ccaed.tlog\link.command.1.tlog
k:\cppbattleshipsartefact\cppbattleshipsartefact\x64\debug\cppbattl.311ccaed.tlog\link.read.1.tlog
k:\cppbattleshipsartefact\cppbattleshipsartefact\x64\debug\cppbattl.311ccaed.tlog\link.write.1.tlog
